SF:lib/main.dart
DA:8,0
DA:9,0
DA:10,0
DA:12,0
DA:13,0
DA:17,2
DA:19,1
DA:21,2
DA:22,1
DA:23,3
DA:24,1
DA:25,1
DA:26,1
DA:28,1
DA:29,1
LF:15
LH:10
end_of_record
SF:lib/src/core/di/di_initializer.dart
DA:7,9
DA:9,3
DA:11,3
DA:12,3
DA:16,3
DA:20,3
LF:6
LH:6
end_of_record
SF:lib/src/core/design_system/theme/bloc/theme_bloc.dart
DA:15,3
DA:18,3
DA:19,6
DA:21,3
DA:22,4
DA:23,0
DA:24,4
DA:32,0
DA:36,0
DA:39,2
DA:40,4
DA:42,1
DA:43,3
DA:44,0
DA:46,4
LF:15
LH:11
end_of_record
SF:lib/src/core/navigation/router/router.dart
DA:11,4
DA:15,1
DA:16,1
DA:18,1
LF:4
LH:4
end_of_record
SF:lib/src/core/design_system/atoms/dimensions.dart
DA:5,3
DA:41,3
LF:2
LH:2
end_of_record
SF:lib/src/core/design_system/atoms/primary_button.dart
DA:6,2
DA:14,2
DA:20,2
DA:28,0
DA:34,0
DA:47,4
DA:48,0
DA:49,2
DA:50,2
DA:54,0
DA:62,2
DA:63,2
DA:64,0
DA:65,0
DA:66,0
DA:71,2
DA:73,2
DA:74,4
DA:75,2
DA:76,2
DA:77,4
DA:80,2
DA:83,2
DA:84,4
DA:85,2
DA:86,2
LF:26
LH:19
end_of_record
SF:lib/src/core/design_system/theme/theme.dart
DA:9,0
DA:10,0
DA:12,0
DA:13,0
DA:15,0
DA:18,6
DA:20,3
DA:23,3
LF:8
LH:3
end_of_record
SF:lib/src/core/design_system/theme/app_colors.dart
DA:6,1
DA:7,1
DA:8,1
DA:9,1
DA:10,1
DA:11,1
DA:12,0
DA:13,0
DA:14,0
DA:15,0
DA:16,0
DA:17,0
DA:18,0
DA:19,0
DA:20,0
DA:21,0
DA:22,0
DA:23,0
DA:24,0
DA:25,0
DA:26,0
LF:21
LH:6
end_of_record
SF:lib/src/core/design_system/theme/theme_data.dart
DA:4,4
DA:8,6
DA:9,3
DA:10,3
DA:11,6
DA:14,6
DA:15,3
LF:7
LH:7
end_of_record
SF:lib/src/core/design_system/molecules/bottom_bar.dart
DA:5,1
DA:12,1
DA:14,1
DA:16,1
DA:17,3
DA:18,0
DA:19,2
DA:20,1
LF:8
LH:7
end_of_record
SF:lib/src/core/design_system/pages/error_view.dart
DA:5,2
DA:14,2
DA:16,2
DA:17,2
DA:19,2
DA:22,2
DA:23,2
LF:7
LH:7
end_of_record
SF:lib/src/core/design_system/pages/loading_view.dart
DA:4,9
DA:6,3
LF:2
LH:2
end_of_record
SF:lib/src/core/design_system/molecules/app_drawer.dart
DA:7,3
DA:9,0
DA:11,0
DA:12,0
DA:14,0
DA:15,0
DA:16,0
DA:17,0
DA:19,0
DA:20,0
DA:22,0
DA:23,0
DA:27,0
DA:29,0
DA:30,0
DA:33,0
DA:35,0
DA:36,0
LF:18
LH:1
end_of_record
SF:lib/src/core/design_system/pages/portal_page.dart
DA:6,3
DA:21,3
DA:23,3
DA:24,3
DA:25,3
DA:26,3
DA:27,3
DA:28,5
LF:8
LH:8
end_of_record
SF:lib/src/domain/usecases/get_all_captured_pokemons_usecase.dart
DA:8,3
DA:12,3
DA:13,6
LF:3
LH:3
end_of_record
SF:lib/src/domain/usecases/theme_based_on_captured_pokemons.dart
DA:9,1
DA:10,1
DA:11,1
DA:14,0
DA:16,0
DA:17,0
DA:18,0
DA:25,0
DA:26,0
DA:30,0
DA:36,0
DA:38,0
LF:12
LH:3
end_of_record
SF:lib/src/domain/models/pokemon_type.g.dart
DA:13,0
DA:15,0
DA:16,0
DA:18,0
DA:20,0
DA:22,0
DA:24,0
DA:26,0
DA:28,0
DA:30,0
DA:32,0
DA:34,0
DA:36,0
DA:38,0
DA:40,0
DA:42,0
DA:44,0
DA:46,0
DA:48,0
DA:50,0
DA:52,0
DA:54,0
DA:61,0
DA:64,0
DA:65,0
DA:67,0
DA:68,0
DA:70,0
DA:71,0
DA:73,0
DA:74,0
DA:76,0
DA:77,0
DA:79,0
DA:80,0
DA:82,0
DA:83,0
DA:85,0
DA:86,0
DA:88,0
DA:89,0
DA:91,0
DA:92,0
DA:94,0
DA:95,0
DA:97,0
DA:98,0
DA:100,0
DA:101,0
DA:103,0
DA:104,0
DA:106,0
DA:107,0
DA:109,0
DA:110,0
DA:112,0
DA:113,0
DA:115,0
DA:116,0
DA:118,0
DA:119,0
DA:121,0
DA:122,0
DA:127,0
DA:128,0
DA:130,0
DA:133,0
DA:134,0
DA:135,0
LF:69
LH:0
end_of_record
SF:lib/src/core/di/di_module.dart
DA:13,3
DA:15,3
DA:17,9
DA:18,3
DA:19,3
DA:20,3
DA:24,3
DA:34,3
DA:36,3
DA:43,3
DA:44,3
DA:45,3
DA:46,3
DA:48,3
DA:49,3
LF:15
LH:15
end_of_record
SF:lib/src/core/navigation/navigators/pokedex_navigator.dart
DA:9,2
DA:13,0
DA:15,0
LF:3
LH:1
end_of_record
SF:lib/src/data/providers/captured_hive.dart
DA:8,3
LF:1
LH:1
end_of_record
SF:lib/src/data/providers/pokemon_api.g.dart
DA:12,2
DA:21,1
DA:26,1
DA:27,1
DA:31,2
DA:32,1
DA:34,2
DA:35,2
DA:40,1
DA:41,2
DA:46,1
DA:47,1
DA:48,3
DA:49,1
DA:51,1
DA:52,1
DA:53,2
DA:55,1
DA:56,2
DA:57,1
DA:58,0
DA:63,1
DA:66,1
DA:67,1
DA:68,1
DA:70,1
DA:71,3
DA:76,1
DA:77,2
DA:78,1
DA:82,1
DA:83,1
DA:84,3
DA:85,1
DA:87,2
DA:91,2
DA:92,2
DA:93,4
DA:94,4
DA:95,2
DA:96,0
DA:98,2
DA:104,2
DA:108,4
DA:112,2
DA:114,2
DA:115,2
DA:118,0
LF:48
LH:45
end_of_record
SF:lib/src/domain/repositories/captured_repository.dart
DA:12,3
DA:16,3
DA:17,19
DA:19,1
DA:22,4
DA:24,1
DA:25,1
DA:26,5
DA:29,1
DA:30,4
LF:10
LH:10
end_of_record
SF:lib/src/utils/repository_helper_mixin.dart
DA:11,5
DA:15,5
DA:16,8
DA:17,4
DA:18,2
DA:19,4
DA:20,2
DA:21,0
DA:22,0
DA:23,0
DA:27,0
DA:31,0
DA:32,0
DA:33,0
DA:34,0
DA:35,0
DA:36,0
DA:37,0
DA:38,0
DA:39,0
DA:43,2
DA:46,4
DA:47,2
DA:48,0
LF:24
LH:10
end_of_record
SF:lib/src/domain/repositories/pokemon_repository.dart
DA:9,2
DA:13,1
DA:17,1
DA:18,2
DA:19,1
DA:20,7
DA:23,1
DA:26,1
DA:27,2
DA:28,1
DA:29,3
LF:11
LH:11
end_of_record
SF:lib/src/domain/usecases/get_all_pokemons_usecase.dart
DA:7,1
DA:11,1
DA:15,2
LF:3
LH:3
end_of_record
SF:lib/src/domain/usecases/get_captured_pokemon_usecase.dart
DA:8,1
DA:12,1
DA:13,2
LF:3
LH:3
end_of_record
SF:lib/src/domain/usecases/get_pokemon_details_usecase.dart
DA:8,1
DA:12,1
DA:13,2
LF:3
LH:3
end_of_record
SF:lib/src/domain/usecases/remove_captured_pokemon_usecase.dart
DA:7,1
DA:11,1
DA:12,2
LF:3
LH:3
end_of_record
SF:lib/src/domain/usecases/save_captured_pokemon_usecase.dart
DA:8,1
DA:12,1
DA:13,2
LF:3
LH:3
end_of_record
SF:lib/src/presentation/captured/bloc/captured_bloc.dart
DA:15,1
DA:18,1
DA:19,1
DA:20,2
DA:21,2
DA:22,0
DA:23,0
DA:27,1
DA:33,1
DA:34,1
DA:36,2
DA:38,1
DA:39,0
DA:40,1
DA:41,1
DA:42,2
DA:47,0
DA:51,0
DA:52,0
DA:55,0
DA:59,0
DA:60,0
DA:66,0
DA:68,0
DA:70,0
DA:71,0
DA:72,0
DA:73,0
DA:75,0
DA:76,0
DA:77,0
DA:82,0
DA:84,0
DA:85,0
DA:86,0
DA:89,0
DA:94,0
DA:95,0
DA:97,0
DA:98,0
LF:40
LH:13
end_of_record
SF:lib/src/presentation/pokedex/bloc/pokedex_bloc.dart
DA:14,1
DA:19,1
DA:20,1
DA:21,2
DA:22,2
DA:23,0
DA:24,0
DA:25,0
DA:29,1
DA:36,1
DA:37,1
DA:39,2
DA:41,1
DA:42,3
DA:43,1
DA:44,2
DA:45,2
DA:50,0
DA:54,0
DA:56,0
DA:57,0
DA:58,0
DA:63,0
DA:64,0
DA:65,0
DA:66,0
DA:71,0
DA:75,0
DA:76,0
DA:82,0
DA:83,0
DA:84,0
DA:85,0
DA:86,0
DA:87,0
DA:88,0
DA:89,0
DA:90,0
DA:92,0
LF:39
LH:14
end_of_record
SF:lib/src/presentation/pokemon_details/bloc/pokemon_details_bloc.dart
DA:18,1
DA:27,1
DA:28,1
DA:29,2
DA:30,2
DA:31,2
DA:32,2
DA:36,1
DA:46,1
DA:49,1
DA:52,3
DA:53,4
DA:54,3
DA:56,1
DA:58,1
DA:59,3
DA:60,2
DA:61,1
DA:69,1
DA:72,2
DA:73,1
DA:79,3
DA:80,3
DA:82,1
DA:83,0
DA:84,1
DA:85,2
DA:86,3
DA:91,1
DA:92,2
DA:93,1
DA:99,3
DA:100,2
DA:101,2
DA:104,1
DA:105,0
DA:106,1
DA:107,2
DA:108,3
LF:39
LH:37
end_of_record
SF:lib/src/domain/models/hive_adapters/hive_pokemon.g.dart
DA:13,0
DA:15,0
DA:16,0
DA:17,0
DA:19,0
DA:20,0
DA:21,0
DA:22,0
DA:23,0
DA:27,0
DA:30,0
DA:31,0
DA:32,0
DA:33,0
DA:34,0
DA:35,0
DA:36,0
DA:37,0
DA:38,0
DA:41,0
DA:42,0
DA:44,0
DA:47,0
DA:48,0
DA:49,0
DA:56,0
DA:57,0
DA:58,0
DA:59,0
DA:60,0
DA:61,0
DA:62,0
DA:65,0
DA:66,0
DA:67,0
DA:68,0
DA:69,0
DA:70,0
LF:38
LH:0
end_of_record
SF:lib/src/domain/models/hive_adapters/hive_pokemon.dart
DA:12,1
DA:19,0
DA:20,0
DA:22,2
DA:23,1
DA:24,1
DA:25,1
DA:26,1
DA:38,0
LF:9
LH:6
end_of_record
SF:lib/src/core/navigation/route/wrappers.dart
DA:5,3
DA:10,3
DA:15,0
LF:3
LH:2
end_of_record
SF:lib/src/core/navigation/route/routes.dart
DA:9,6
DA:10,2
DA:11,2
DA:12,2
DA:13,2
DA:16,6
DA:22,6
DA:27,6
DA:28,2
DA:32,2
DA:38,6
LF:11
LH:11
end_of_record
SF:lib/src/presentation/captured/captured_page.dart
DA:12,4
DA:14,1
DA:16,2
DA:17,1
DA:18,1
DA:20,1
DA:21,1
DA:22,2
DA:27,1
DA:34,1
DA:38,1
DA:42,2
DA:50,3
DA:52,1
DA:54,1
DA:55,2
DA:56,3
DA:58,0
DA:59,0
DA:60,0
DA:61,0
DA:62,0
DA:64,1
DA:71,0
DA:75,0
DA:77,0
DA:78,0
DA:84,0
DA:85,0
DA:86,0
DA:87,0
DA:94,0
DA:97,0
DA:99,0
DA:100,0
DA:101,0
DA:103,0
DA:104,0
DA:105,0
DA:106,0
DA:111,0
DA:112,0
DA:113,0
DA:116,0
DA:117,0
DA:118,0
DA:123,0
DA:126,0
DA:127,0
DA:128,0
DA:129,0
DA:133,0
DA:136,0
DA:137,0
DA:138,0
DA:139,0
DA:151,3
DA:153,1
LF:58
LH:20
end_of_record
SF:lib/src/presentation/pokedex/pokedex_page.dart
DA:9,3
DA:11,1
DA:13,1
DA:14,3
DA:15,1
DA:23,3
DA:25,1
DA:27,1
DA:28,1
DA:30,1
DA:31,1
DA:32,1
DA:33,3
DA:34,0
DA:35,2
DA:44,2
DA:45,0
DA:46,0
DA:52,0
DA:53,0
DA:54,0
DA:62,3
DA:64,1
DA:66,1
DA:67,2
DA:68,3
DA:69,0
DA:70,2
DA:71,1
DA:72,0
DA:73,0
DA:75,1
DA:82,1
DA:86,1
DA:88,1
DA:89,2
DA:90,2
DA:91,3
DA:92,0
DA:93,0
DA:94,0
DA:101,0
DA:104,0
DA:105,0
DA:111,0
DA:113,0
DA:115,0
DA:118,0
DA:120,0
DA:121,0
DA:122,0
DA:123,0
DA:124,0
DA:125,0
DA:126,0
DA:128,0
DA:129,0
DA:130,0
DA:131,0
DA:132,0
DA:136,0
DA:137,0
DA:138,0
DA:146,0
DA:152,0
DA:153,0
DA:154,0
DA:155,0
DA:156,0
LF:69
LH:29
end_of_record
SF:lib/src/presentation/pokemon_details/pokemon_details_page.dart
DA:11,1
DA:18,1
DA:20,1
DA:21,3
DA:22,1
DA:23,1
DA:25,1
DA:28,1
DA:40,3
DA:42,1
DA:44,1
DA:45,1
DA:46,1
DA:47,1
DA:51,1
DA:52,1
DA:53,1
DA:54,1
DA:55,3
DA:56,1
DA:68,3
DA:70,1
DA:72,1
DA:73,2
DA:74,3
DA:75,2
DA:76,1
DA:77,0
DA:78,0
DA:79,0
DA:81,1
DA:88,1
DA:92,1
DA:94,1
DA:95,2
DA:96,1
DA:98,1
DA:99,5
DA:100,1
DA:102,1
DA:103,3
DA:104,4
DA:105,1
DA:106,1
DA:107,2
DA:116,1
DA:117,1
DA:118,2
DA:119,1
DA:121,1
DA:123,2
DA:125,1
DA:126,2
DA:127,2
DA:131,2
DA:143,1
DA:149,1
DA:151,4
DA:155,1
DA:157,1
DA:158,1
DA:161,1
DA:162,1
DA:163,3
DA:166,2
DA:170,1
DA:171,3
DA:180,1
DA:186,1
DA:188,1
DA:189,2
DA:190,1
DA:191,2
DA:192,2
DA:193,1
DA:194,1
DA:195,1
DA:197,2
DA:201,1
DA:207,1
DA:211,1
DA:213,1
DA:215,1
DA:216,1
DA:218,3
DA:219,1
DA:222,4
DA:223,4
DA:225,1
DA:227,1
DA:228,3
DA:229,2
DA:230,2
DA:231,1
DA:232,2
DA:233,2
DA:246,1
DA:254,1
DA:256,1
DA:257,1
DA:258,3
DA:260,1
DA:261,1
DA:262,3
DA:263,1
LF:105
LH:102
end_of_record
SF:lib/src/data/dto/common/v2_resources_list_response.dart
DA:11,1
DA:16,1
DA:20,1
LF:3
LH:3
end_of_record
SF:lib/src/data/dto/common/v2_resources_list_response.g.dart
DA:9,1
DA:13,1
DA:14,2
DA:15,1
LF:4
LH:4
end_of_record
SF:lib/src/data/dto/pokemon/sprite_response.dart
DA:8,1
DA:9,1
LF:2
LH:2
end_of_record
SF:lib/src/data/dto/pokemon/type_response.dart
DA:10,1
DA:11,1
LF:2
LH:2
end_of_record
SF:lib/src/data/dto/pokemon/stat_response.dart
DA:11,1
DA:12,1
LF:2
LH:2
end_of_record
SF:lib/src/data/dto/pokemon/pokemon_response.dart
DA:27,1
DA:28,1
LF:2
LH:2
end_of_record
SF:lib/src/data/dto/pokemon/item_response.dart
DA:10,2
DA:11,2
LF:2
LH:2
end_of_record
SF:lib/src/data/dto/pokemon/official_artwork.dart
DA:10,1
DA:11,1
LF:2
LH:2
end_of_record
SF:lib/src/data/dto/pokemon/artwork_response.dart
DA:10,1
DA:11,1
LF:2
LH:2
end_of_record
SF:lib/src/data/dto/pokemon/pokemon_response.g.dart
DA:9,1
DA:11,1
DA:12,1
DA:13,1
DA:14,1
DA:15,1
DA:16,1
DA:17,1
DA:18,1
DA:19,3
DA:20,1
DA:21,1
DA:22,3
DA:23,1
DA:25,2
DA:28,1
DA:29,1
DA:30,1
DA:31,1
DA:32,2
DA:35,1
DA:36,1
DA:37,1
DA:38,2
DA:41,2
DA:42,2
DA:43,2
DA:44,2
DA:47,1
DA:49,1
DA:50,1
DA:51,1
DA:54,1
DA:56,1
DA:57,1
DA:58,1
DA:61,1
DA:63,1
DA:64,2
LF:39
LH:39
end_of_record
SF:lib/src/utils/core_hive_repository.dart
DA:6,3
DA:11,3
DA:13,6
DA:14,6
DA:15,3
LF:5
LH:5
end_of_record
SF:lib/src/domain/models/pokemon.dart
DA:23,2
DA:24,1
DA:25,1
DA:26,1
DA:27,1
DA:28,1
DA:29,1
DA:30,1
DA:31,1
DA:32,2
DA:33,6
DA:34,1
DA:37,1
DA:38,1
DA:39,1
DA:40,4
DA:42,1
DA:43,4
LF:18
LH:18
end_of_record
SF:lib/src/presentation/captured/widgets/filter_widget.dart
DA:8,1
DA:15,1
DA:17,1
DA:18,1
DA:19,1
DA:20,1
DA:21,1
DA:22,1
DA:23,2
DA:24,1
DA:25,2
DA:26,1
DA:28,1
DA:30,1
DA:32,1
DA:34,1
DA:36,1
DA:38,0
DA:51,1
DA:55,1
DA:57,3
DA:58,1
DA:60,1
DA:64,1
DA:66,1
DA:68,1
DA:69,0
DA:70,0
DA:71,0
DA:73,0
DA:79,1
DA:81,1
DA:83,1
DA:84,0
DA:85,0
DA:86,0
DA:88,0
DA:100,1
DA:104,1
DA:106,3
DA:107,1
DA:109,1
DA:113,1
DA:117,1
DA:118,1
DA:119,1
DA:120,2
DA:121,2
DA:122,2
DA:123,0
DA:125,0
DA:126,0
DA:127,0
DA:128,0
DA:132,0
DA:133,0
DA:134,0
DA:135,0
DA:136,0
DA:137,0
LF:60
LH:40
end_of_record
